[debug] [2020-04-17T23:46:24.332Z] ----------------------------------------------------------------------
[debug] [2020-04-17T23:46:24.337Z] Command:       /Users/Skylar/.nvm/versions/node/v10.13.0/bin/node /Users/Skylar/.nvm/versions/node/v10.13.0/bin/firebase init
[debug] [2020-04-17T23:46:24.337Z] CLI Version:   8.1.1
[debug] [2020-04-17T23:46:24.337Z] Platform:      darwin
[debug] [2020-04-17T23:46:24.338Z] Node Version:  v10.13.0
[debug] [2020-04-17T23:46:24.339Z] Time:          Fri Apr 17 2020 16:46:24 GMT-0700 (Pacific Daylight Time)
[debug] [2020-04-17T23:46:24.339Z] ----------------------------------------------------------------------
[debug] [2020-04-17T23:46:24.339Z] 
[debug] [2020-04-17T23:46:24.346Z] > command requires scopes: ["email","openid","https://www.googleapis.com/auth/cloudplatformprojects.readonly","https://www.googleapis.com/auth/firebase","https://www.googleapis.com/auth/cloud-platform"]
[debug] [2020-04-17T23:46:24.347Z] > authorizing via signed-in user
[info] 
     ######## #### ########  ######## ########     ###     ######  ########
     ##        ##  ##     ## ##       ##     ##  ##   ##  ##       ##
     ######    ##  ########  ######   ########  #########  ######  ######
     ##        ##  ##    ##  ##       ##     ## ##     ##       ## ##
     ##       #### ##     ## ######## ########  ##     ##  ######  ########

You're about to initialize a Firebase project in this directory:

  /Users/Skylar/App_Academy/JS/JSProject

[info] 
=== Project Setup
[info] 
[info] First, let's associate this project directory with a Firebase project.
[info] You can create multiple project aliases by running firebase use --add, 
[info] but for now we'll just set up a default project.
[info] 
[debug] [2020-04-17T23:46:38.315Z] >>> HTTP REQUEST GET https://firebase.googleapis.com/v1beta1/projects?pageSize=100  
 
[debug] [2020-04-17T23:46:38.710Z] <<< HTTP RESPONSE 200 {"content-type":"application/json; charset=UTF-8","vary":"X-Origin, Referer, Origin,Accept-Encoding","date":"Fri, 17 Apr 2020 23:46:39 GMT","server":"ESF","cache-control":"private","x-xss-protection":"0","x-frame-options":"SAMEORIGIN","x-content-type-options":"nosniff","alt-svc":"quic=\":443\"; ma=2592000; v=\"46,43\",h3-Q050=\":443\"; ma=2592000,h3-Q049=\":443\"; ma=2592000,h3-Q048=\":443\"; ma=2592000,h3-Q046=\":443\"; ma=2592000,h3-Q043=\":443\"; ma=2592000,h3-T050=\":443\"; ma=2592000","accept-ranges":"none","transfer-encoding":"chunked"}
[info] i  Using project bounce-cube (Bounce Cube)
[info] 
=== Hosting Setup
[info] 
[info] Your public directory is the folder (relative to your project directory) that
[info] will contain Hosting assets to be uploaded with firebase deploy. If you
[info] have a build process for your assets, use your build's output directory.
[info] 
